<?xml version="1.0" encoding="UTF-8"?>
<!-- Generated by org.testng.reporters.JUnitReportReporter -->
<testsuite skipped="0" hostname="DESKTOP-0F1P5O1" name="com.TestCase.TC_ResisterQA" tests="1" failures="0" timestamp="19 Dec 2020 12:15:28 GMT" time="30.178" errors="0">
  <testcase name="filUp" time="30.178" classname="com.TestCase.TC_ResisterQA"/>
</testsuite> <!-- com.TestCase.TC_ResisterQA -->
