<?xml version="1.0" encoding="UTF-8"?>
<!-- Generated by org.testng.reporters.JUnitReportReporter -->
<testsuite skipped="0" hostname="DESKTOP-0F1P5O1" name="com.TestCase.TC_01" tests="1" failures="0" timestamp="19 Dec 2020 08:03:21 GMT" time="16.005" errors="0">
  <testcase name="Execute" time="16.005" classname="com.TestCase.TC_01"/>
</testsuite> <!-- com.TestCase.TC_01 -->
